<?xml version="1.0" encoding="UTF-8"?>
<!-- Generated by org.testng.reporters.JUnitReportReporter -->
<testsuite hostname="RAMESH-PC" name="PP1.Class4" tests="1" failures="0" timestamp="8 Feb 2017 16:15:07 GMT" time="4.601" errors="0">
  <testcase name="m2" time="4.601" classname="PP1.Class4"/>
</testsuite> <!-- PP1.Class4 -->
