<?xml version="1.0" encoding="UTF-8"?>
<!-- Generated by org.testng.reporters.JUnitReportReporter -->
<testsuite hostname="RAMESH-PC" name="PP1.Class3" tests="1" failures="0" timestamp="4 Feb 2017 11:15:28 GMT" time="13.572" errors="0">
  <testcase name="M" time="13.572" classname="PP1.Class3"/>
</testsuite> <!-- PP1.Class3 -->
