<?xml version="1.0" encoding="UTF-8"?>
<!-- Generated by org.testng.reporters.JUnitReportReporter -->
<testsuite hostname="RAMESH-PC" name="PP1.Class2" tests="1" failures="0" timestamp="7 Feb 2017 17:59:39 GMT" time="17.015" errors="0">
  <testcase name="M5" time="17.015" classname="PP1.Class2"/>
</testsuite> <!-- PP1.Class2 -->
